<?xml version="1.0" encoding="UTF-8"?>
<!-- Generated by org.testng.reporters.JUnitXMLReporter -->
<testsuite ignored="3" hostname="DESKTOP-9EVMKMK" failures="3" tests="15" name="Groups Demo" time="0.179" errors="0" timestamp="2024-12-09T23:53:00 IST">
  <testcase classname="testNG.day1" name="Demo" time="0.009"/>
  <testcase classname="testNG.day1" name="SecondTest" time="0.002"/>
  <testcase classname="testNG.day2" name="Ploan" time="0.003"/>
  <testcase classname="testNG.day3" name="LoginApiCarLoan" time="0.003"/>
  <testcase classname="testNG.day3" name="MobileSignin" time="0.001"/>
  <testcase classname="testNG.day3" name="MobileSignout" time="0.009"/>
  <testcase classname="testNG.day3" name="MobileloginCarLoan" time="0.001"/>
  <testcase classname="testNG.day3" name="WebloginCarLoan" time="0.0">
    <failure type="org.testng.TestNGException" message="
Parameter &amp;apos;URL&amp;apos; is required by @Test on method WebloginCarLoan but has not been marked @Optional or defined
in C:\Users\Lenovo\eclipse-workspace\Introduction\testng3.xml">
      <![CDATA[org.testng.TestNGException: 
Parameter 'URL' is required by @Test on method WebloginCarLoan but has not been marked @Optional or defined
in C:\Users\Lenovo\eclipse-workspace\Introduction\testng3.xml
at java.base/java.util.ArrayList.forEach(ArrayList.java:1596)
... Removed 26 stack frames]]>
    </failure>
  </testcase> <!-- WebloginCarLoan -->
  <testcase classname="testNG.day3" name="dataProviderDemo" time="0.005"/>
  <testcase classname="testNG.day3" name="dataProviderDemo" time="0.002"/>
  <testcase classname="testNG.day3" name="dataProviderDemo" time="0.002"/>
  <testcase classname="testNG.day4" name="DependsOnDemo" time="0.002"/>
  <testcase classname="testNG.day4" name="MobileloginHomeLoan" time="0.0">
    <failure type="org.testng.TestNGException" message="
Parameter &amp;apos;URL&amp;apos; is required by @Test on method MobileloginHomeLoan but has not been marked @Optional or defined
in C:\Users\Lenovo\eclipse-workspace\Introduction\testng3.xml">
      <![CDATA[org.testng.TestNGException: 
Parameter 'URL' is required by @Test on method MobileloginHomeLoan but has not been marked @Optional or defined
in C:\Users\Lenovo\eclipse-workspace\Introduction\testng3.xml
at java.base/java.util.ArrayList.forEach(ArrayList.java:1596)
... Removed 26 stack frames]]>
    </failure>
  </testcase> <!-- MobileloginHomeLoan -->
  <testcase classname="testNG.day4" name="WebloginHomeLoan" time="0.009">
    <failure type="java.lang.AssertionError" message="expected [true] but found [false]">
      <![CDATA[java.lang.AssertionError: expected [true] but found [false]
at testNG.day4.WebloginHomeLoan(day4.java:14)
at java.base/java.util.ArrayList.forEach(ArrayList.java:1596)
... Removed 29 stack frames]]>
    </failure>
  </testcase> <!-- WebloginHomeLoan -->
  <testcase classname="testNG.day4" name="DependsOnDemo1" time="0.001"/>
  <testcase classname="testNG.day2" name="GroupsDemoday2" time="0.0">
    <ignored/>
  </testcase> <!-- GroupsDemoday2 -->
  <testcase classname="testNG.day1" name="GroupsDemo" time="0.0">
    <ignored/>
  </testcase> <!-- GroupsDemo -->
  <testcase classname="testNG.day4" name="LoginApiHomeLoan" time="0.0">
    <ignored/>
  </testcase> <!-- LoginApiHomeLoan -->
</testsuite> <!-- Groups Demo -->
